This file contains any messages produced by compilers while
running configure, to aid debugging if configure makes a mistake.

It was created by hypre configure 2.11.2, which was
generated by GNU Autoconf 2.69.  Invocation command line was

  $ ./configure --prefix=/scratch/atdr/nek5000_v17/Nek5000/tools/amg_hypre/hypre/hypre-2.11.2/src/../.. --without-MPI

## --------- ##
## Platform. ##
## --------- ##

hostname = nilgiri
uname -m = x86_64
uname -r = 4.9.0-8-amd64
uname -s = Linux
uname -v = #1 SMP Debian 4.9.110-3+deb9u5 (2018-09-30)

/usr/bin/uname -p = unknown
/bin/uname -X     = unknown

/bin/arch              = x86_64
/usr/bin/arch -k       = unknown
/usr/convex/getsysinfo = unknown
/usr/bin/hostinfo      = unknown
/bin/machine           = unknown
/usr/bin/oslevel       = unknown
/bin/universe          = unknown

PATH: /scratch/atdr/DEC_Nek5000/bin
PATH: /pkg/visit/2.6.3/bin
PATH: /pkg/pgi/7.2-5/linux86-64/7.2/bin
PATH: /afs/mech.kth.se/pkg/maple/2016/bin
PATH: /afs/mech.kth.se/pkg/comsol/5.3a/multiphysics/bin
PATH: /pkg/ansys/16.1/v161/icemcfd/linux64_amd/bin
PATH: /pkg/ansys/16.1/v161/TurboGrid/bin
PATH: /pkg/ansys/16.1/v161/tgrid/bin
PATH: /pkg/ansys/16.1/v161/RSM/bin
PATH: /pkg/ansys/16.1/v161/fluent/bin
PATH: /pkg/ansys/16.1/v161/CFX/bin
PATH: /pkg/ansys/16.1/v161/CFD-Post/bin
PATH: /pkg/ansys/16.1/v161/aisol/bin
PATH: /pkg/ansys/16.1/v161/Framework/bin/Linux64
PATH: /pkg/ansys/16.1/shared_files/licensing/lic_admin/bin
PATH: /afs/mech.kth.se/pkg/matlab/R2015a/bin
PATH: /home/mech/atdr/bin
PATH: /usr/local/bin
PATH: /usr/bin
PATH: /bin
PATH: /usr/local/games
PATH: /usr/games


## ----------- ##
## Core tests. ##
## ----------- ##

configure:2337: checking build system type
configure:2351: result: x86_64-pc-linux-gnu
configure:2375: checking host system type
configure:2388: result: x86_64-pc-linux-gnu
configure:3430: checking for xlC
configure:3460: result: no
configure:3430: checking for xlc
configure:3460: result: no
configure:3430: checking for icpc
configure:3460: result: no
configure:3430: checking for icc
configure:3460: result: no
configure:3430: checking for g++
configure:3446: found /usr/bin/g++
configure:3457: result: g++
configure:3755: checking whether make sets $(MAKE)
configure:3777: result: yes
configure:3829: checking for ranlib
configure:3845: found /usr/bin/ranlib
configure:3856: result: ranlib
configure:3929: checking for gcc
configure:3956: result: /usr/bin/gcc
configure:4185: checking for C compiler version
configure:4194: /usr/bin/gcc --version >&5
gcc (Debian 6.3.0-18+deb9u1) 6.3.0 20170516
Copyright (C) 2016 Free Software Foundation, Inc.
This is free software; see the source for copying conditions.  There is NO
warranty; not even for MERCHANTABILITY or FITNESS FOR A PARTICULAR PURPOSE.

configure:4205: $? = 0
configure:4194: /usr/bin/gcc -v >&5
Using built-in specs.
COLLECT_GCC=/usr/bin/gcc
COLLECT_LTO_WRAPPER=/usr/lib/gcc/x86_64-linux-gnu/6/lto-wrapper
Target: x86_64-linux-gnu
Configured with: ../src/configure -v --with-pkgversion='Debian 6.3.0-18+deb9u1' --with-bugurl=file:///usr/share/doc/gcc-6/README.Bugs --enable-languages=c,ada,c++,java,go,d,fortran,objc,obj-c++ --prefix=/usr --program-suffix=-6 --program-prefix=x86_64-linux-gnu- --enable-shared --enable-linker-build-id --libexecdir=/usr/lib --without-included-gettext --enable-threads=posix --libdir=/usr/lib --enable-nls --with-sysroot=/ --enable-clocale=gnu --enable-libstdcxx-debug --enable-libstdcxx-time=yes --with-default-libstdcxx-abi=new --enable-gnu-unique-object --disable-vtable-verify --enable-libmpx --enable-plugin --enable-default-pie --with-system-zlib --disable-browser-plugin --enable-java-awt=gtk --enable-gtk-cairo --with-java-home=/usr/lib/jvm/java-1.5.0-gcj-6-amd64/jre --enable-java-home --with-jvm-root-dir=/usr/lib/jvm/java-1.5.0-gcj-6-amd64 --with-jvm-jar-dir=/usr/lib/jvm-exports/java-1.5.0-gcj-6-amd64 --with-arch-directory=amd64 --with-ecj-jar=/usr/share/java/eclipse-ecj.jar --with-target-system-zlib --enable-objc-gc=auto --enable-multiarch --with-arch-32=i686 --with-abi=m64 --with-multilib-list=m32,m64,mx32 --enable-multilib --with-tune=generic --enable-checking=release --build=x86_64-linux-gnu --host=x86_64-linux-gnu --target=x86_64-linux-gnu
Thread model: posix
gcc version 6.3.0 20170516 (Debian 6.3.0-18+deb9u1) 
configure:4205: $? = 0
configure:4194: /usr/bin/gcc -V >&5
gcc: error: unrecognized command line option '-V'
gcc: fatal error: no input files
compilation terminated.
configure:4205: $? = 1
configure:4194: /usr/bin/gcc -qversion >&5
gcc: error: unrecognized command line option '-qversion'; did you mean '--version'?
gcc: fatal error: no input files
compilation terminated.
configure:4205: $? = 1
configure:4225: checking whether the C compiler works
configure:4247: /usr/bin/gcc -mcmodel=medium   conftest.c  >&5
configure:4251: $? = 0
configure:4299: result: yes
configure:4302: checking for C compiler default output file name
configure:4304: result: a.out
configure:4310: checking for suffix of executables
configure:4317: /usr/bin/gcc -o conftest -mcmodel=medium   conftest.c  >&5
configure:4321: $? = 0
configure:4343: result: 
configure:4365: checking whether we are cross compiling
configure:4373: /usr/bin/gcc -o conftest -mcmodel=medium   conftest.c  >&5
configure:4377: $? = 0
configure:4384: ./conftest
configure:4388: $? = 0
configure:4403: result: no
configure:4408: checking for suffix of object files
configure:4430: /usr/bin/gcc -c -mcmodel=medium  conftest.c >&5
configure:4434: $? = 0
configure:4455: result: o
configure:4459: checking whether we are using the GNU C compiler
configure:4478: /usr/bin/gcc -c -mcmodel=medium  conftest.c >&5
configure:4478: $? = 0
configure:4487: result: yes
configure:4496: checking whether /usr/bin/gcc accepts -g
configure:4516: /usr/bin/gcc -c -g  conftest.c >&5
configure:4516: $? = 0
configure:4557: result: yes
configure:4574: checking for /usr/bin/gcc option to accept ISO C89
configure:4637: /usr/bin/gcc  -c -mcmodel=medium  conftest.c >&5
configure:4637: $? = 0
configure:4650: result: none needed
configure:4786: checking for C++ compiler version
configure:4795: g++ --version >&5
g++ (Debian 6.3.0-18+deb9u1) 6.3.0 20170516
Copyright (C) 2016 Free Software Foundation, Inc.
This is free software; see the source for copying conditions.  There is NO
warranty; not even for MERCHANTABILITY or FITNESS FOR A PARTICULAR PURPOSE.

configure:4806: $? = 0
configure:4795: g++ -v >&5
Using built-in specs.
COLLECT_GCC=g++
COLLECT_LTO_WRAPPER=/usr/lib/gcc/x86_64-linux-gnu/6/lto-wrapper
Target: x86_64-linux-gnu
Configured with: ../src/configure -v --with-pkgversion='Debian 6.3.0-18+deb9u1' --with-bugurl=file:///usr/share/doc/gcc-6/README.Bugs --enable-languages=c,ada,c++,java,go,d,fortran,objc,obj-c++ --prefix=/usr --program-suffix=-6 --program-prefix=x86_64-linux-gnu- --enable-shared --enable-linker-build-id --libexecdir=/usr/lib --without-included-gettext --enable-threads=posix --libdir=/usr/lib --enable-nls --with-sysroot=/ --enable-clocale=gnu --enable-libstdcxx-debug --enable-libstdcxx-time=yes --with-default-libstdcxx-abi=new --enable-gnu-unique-object --disable-vtable-verify --enable-libmpx --enable-plugin --enable-default-pie --with-system-zlib --disable-browser-plugin --enable-java-awt=gtk --enable-gtk-cairo --with-java-home=/usr/lib/jvm/java-1.5.0-gcj-6-amd64/jre --enable-java-home --with-jvm-root-dir=/usr/lib/jvm/java-1.5.0-gcj-6-amd64 --with-jvm-jar-dir=/usr/lib/jvm-exports/java-1.5.0-gcj-6-amd64 --with-arch-directory=amd64 --with-ecj-jar=/usr/share/java/eclipse-ecj.jar --with-target-system-zlib --enable-objc-gc=auto --enable-multiarch --with-arch-32=i686 --with-abi=m64 --with-multilib-list=m32,m64,mx32 --enable-multilib --with-tune=generic --enable-checking=release --build=x86_64-linux-gnu --host=x86_64-linux-gnu --target=x86_64-linux-gnu
Thread model: posix
gcc version 6.3.0 20170516 (Debian 6.3.0-18+deb9u1) 
configure:4806: $? = 0
configure:4795: g++ -V >&5
g++: error: unrecognized command line option '-V'
g++: fatal error: no input files
compilation terminated.
configure:4806: $? = 1
configure:4795: g++ -qversion >&5
g++: error: unrecognized command line option '-qversion'; did you mean '--version'?
g++: fatal error: no input files
compilation terminated.
configure:4806: $? = 1
configure:4810: checking whether we are using the GNU C++ compiler
configure:4829: g++ -c   conftest.cpp >&5
configure:4829: $? = 0
configure:4838: result: yes
configure:4847: checking whether g++ accepts -g
configure:4867: g++ -c -g  conftest.cpp >&5
configure:4867: $? = 0
configure:4908: result: yes
configure:5041: checking for Fortran compiler version
configure:5050: /usr/bin/gfortran --version >&5
GNU Fortran (Debian 6.3.0-18+deb9u1) 6.3.0 20170516
Copyright (C) 2016 Free Software Foundation, Inc.
This is free software; see the source for copying conditions.  There is NO
warranty; not even for MERCHANTABILITY or FITNESS FOR A PARTICULAR PURPOSE.

configure:5061: $? = 0
configure:5050: /usr/bin/gfortran -v >&5
Using built-in specs.
COLLECT_GCC=/usr/bin/gfortran
COLLECT_LTO_WRAPPER=/usr/lib/gcc/x86_64-linux-gnu/6/lto-wrapper
Target: x86_64-linux-gnu
Configured with: ../src/configure -v --with-pkgversion='Debian 6.3.0-18+deb9u1' --with-bugurl=file:///usr/share/doc/gcc-6/README.Bugs --enable-languages=c,ada,c++,java,go,d,fortran,objc,obj-c++ --prefix=/usr --program-suffix=-6 --program-prefix=x86_64-linux-gnu- --enable-shared --enable-linker-build-id --libexecdir=/usr/lib --without-included-gettext --enable-threads=posix --libdir=/usr/lib --enable-nls --with-sysroot=/ --enable-clocale=gnu --enable-libstdcxx-debug --enable-libstdcxx-time=yes --with-default-libstdcxx-abi=new --enable-gnu-unique-object --disable-vtable-verify --enable-libmpx --enable-plugin --enable-default-pie --with-system-zlib --disable-browser-plugin --enable-java-awt=gtk --enable-gtk-cairo --with-java-home=/usr/lib/jvm/java-1.5.0-gcj-6-amd64/jre --enable-java-home --with-jvm-root-dir=/usr/lib/jvm/java-1.5.0-gcj-6-amd64 --with-jvm-jar-dir=/usr/lib/jvm-exports/java-1.5.0-gcj-6-amd64 --with-arch-directory=amd64 --with-ecj-jar=/usr/share/java/eclipse-ecj.jar --with-target-system-zlib --enable-objc-gc=auto --enable-multiarch --with-arch-32=i686 --with-abi=m64 --with-multilib-list=m32,m64,mx32 --enable-multilib --with-tune=generic --enable-checking=release --build=x86_64-linux-gnu --host=x86_64-linux-gnu --target=x86_64-linux-gnu
Thread model: posix
gcc version 6.3.0 20170516 (Debian 6.3.0-18+deb9u1) 
configure:5061: $? = 0
configure:5050: /usr/bin/gfortran -V >&5
gfortran: error: unrecognized command line option '-V'
gfortran: fatal error: no input files
compilation terminated.
configure:5061: $? = 1
configure:5050: /usr/bin/gfortran -qversion >&5
gfortran: error: unrecognized command line option '-qversion'; did you mean '--version'?
gfortran: fatal error: no input files
compilation terminated.
configure:5061: $? = 1
configure:5070: checking whether we are using the GNU Fortran compiler
configure:5083: /usr/bin/gfortran -c   conftest.F >&5
configure:5083: $? = 0
configure:5092: result: yes
configure:5098: checking whether /usr/bin/gfortran accepts -g
configure:5109: /usr/bin/gfortran -c -g  conftest.f >&5
configure:5109: $? = 0
configure:5117: result: yes
configure:5151: checking how to get verbose linking output from /usr/bin/gfortran
configure:5161: /usr/bin/gfortran -c -g -O2  conftest.f >&5
configure:5161: $? = 0
configure:5179: /usr/bin/gfortran -o conftest -g -O2 -v conftest.f
Using built-in specs.
Target: x86_64-linux-gnu
Thread model: posix
gcc version 6.3.0 20170516 (Debian 6.3.0-18+deb9u1) 
 /usr/lib/gcc/x86_64-linux-gnu/6/f951 conftest.f -ffixed-form -quiet -dumpbase conftest.f -mtune=generic -march=x86-64 -auxbase conftest -g -O2 -version -fintrinsic-modules-path /usr/lib/gcc/x86_64-linux-gnu/6/finclude -o /tmp/user/12707/ccMO4BqM.s
GNU Fortran (Debian 6.3.0-18+deb9u1) version 6.3.0 20170516 (x86_64-linux-gnu)
	compiled by GNU C version 6.3.0 20170516, GMP version 6.1.2, MPFR version 3.1.5, MPC version 1.0.3, isl version 0.15
GGC heuristics: --param ggc-min-expand=100 --param ggc-min-heapsize=131072
GNU Fortran2008 (Debian 6.3.0-18+deb9u1) version 6.3.0 20170516 (x86_64-linux-gnu)
	compiled by GNU C version 6.3.0 20170516, GMP version 6.1.2, MPFR version 3.1.5, MPC version 1.0.3, isl version 0.15
GGC heuristics: --param ggc-min-expand=100 --param ggc-min-heapsize=131072
 as -v --64 -o /tmp/user/12707/ccjzzN1G.o /tmp/user/12707/ccMO4BqM.s
GNU assembler version 2.28 (x86_64-linux-gnu) using BFD version (GNU Binutils for Debian) 2.28
Reading specs from /usr/lib/gcc/x86_64-linux-gnu/6/libgfortran.spec
rename spec lib to liborig
 /usr/lib/gcc/x86_64-linux-gnu/6/collect2 -plugin /usr/lib/gcc/x86_64-linux-gnu/6/liblto_plugin.so -plugin-opt=/usr/lib/gcc/x86_64-linux-gnu/6/lto-wrapper -plugin-opt=-fresolution=/tmp/user/12707/ccNhSNDB.res -plugin-opt=-pass-through=-lgcc_s -plugin-opt=-pass-through=-lgcc -plugin-opt=-pass-through=-lquadmath -plugin-opt=-pass-through=-lm -plugin-opt=-pass-through=-lgcc_s -plugin-opt=-pass-through=-lgcc -plugin-opt=-pass-through=-lc -plugin-opt=-pass-through=-lgcc_s -plugin-opt=-pass-through=-lgcc --sysroot=/ --build-id --eh-frame-hdr -m elf_x86_64 --hash-style=gnu -dynamic-linker /lib64/ld-linux-x86-64.so.2 -pie -o conftest /usr/lib/gcc/x86_64-linux-gnu/6/../../../x86_64-linux-gnu/Scrt1.o /usr/lib/gcc/x86_64-linux-gnu/6/../../../x86_64-linux-gnu/crti.o /usr/lib/gcc/x86_64-linux-gnu/6/crtbeginS.o -L/usr/lib/gcc/x86_64-linux-gnu/6 -L/usr/lib/gcc/x86_64-linux-gnu/6/../../../x86_64-linux-gnu -L/usr/lib/gcc/x86_64-linux-gnu/6/../../../../lib -L/lib/x86_64-linux-gnu -L/lib/../lib -L/usr/lib/x86_64-linux-gnu -L/usr/lib/../lib -L/usr/lib/gcc/x86_64-linux-gnu/6/../../.. /tmp/user/12707/ccjzzN1G.o -lgfortran -lm -lgcc_s -lgcc -lquadmath -lm -lgcc_s -lgcc -lc -lgcc_s -lgcc /usr/lib/gcc/x86_64-linux-gnu/6/crtendS.o /usr/lib/gcc/x86_64-linux-gnu/6/../../../x86_64-linux-gnu/crtn.o
configure:5262: result: -v
configure:5264: checking for Fortran libraries of /usr/bin/gfortran
configure:5287: /usr/bin/gfortran -o conftest -g -O2 -v conftest.f
Using built-in specs.
Target: x86_64-linux-gnu
Thread model: posix
gcc version 6.3.0 20170516 (Debian 6.3.0-18+deb9u1) 
 /usr/lib/gcc/x86_64-linux-gnu/6/f951 conftest.f -ffixed-form -quiet -dumpbase conftest.f -mtune=generic -march=x86-64 -auxbase conftest -g -O2 -version -fintrinsic-modules-path /usr/lib/gcc/x86_64-linux-gnu/6/finclude -o /tmp/user/12707/ccgw6eTN.s
GNU Fortran (Debian 6.3.0-18+deb9u1) version 6.3.0 20170516 (x86_64-linux-gnu)
	compiled by GNU C version 6.3.0 20170516, GMP version 6.1.2, MPFR version 3.1.5, MPC version 1.0.3, isl version 0.15
GGC heuristics: --param ggc-min-expand=100 --param ggc-min-heapsize=131072
GNU Fortran2008 (Debian 6.3.0-18+deb9u1) version 6.3.0 20170516 (x86_64-linux-gnu)
	compiled by GNU C version 6.3.0 20170516, GMP version 6.1.2, MPFR version 3.1.5, MPC version 1.0.3, isl version 0.15
GGC heuristics: --param ggc-min-expand=100 --param ggc-min-heapsize=131072
 as -v --64 -o /tmp/user/12707/ccs2G2FI.o /tmp/user/12707/ccgw6eTN.s
GNU assembler version 2.28 (x86_64-linux-gnu) using BFD version (GNU Binutils for Debian) 2.28
Reading specs from /usr/lib/gcc/x86_64-linux-gnu/6/libgfortran.spec
rename spec lib to liborig
 /usr/lib/gcc/x86_64-linux-gnu/6/collect2 -plugin /usr/lib/gcc/x86_64-linux-gnu/6/liblto_plugin.so -plugin-opt=/usr/lib/gcc/x86_64-linux-gnu/6/lto-wrapper -plugin-opt=-fresolution=/tmp/user/12707/cc9N71tD.res -plugin-opt=-pass-through=-lgcc_s -plugin-opt=-pass-through=-lgcc -plugin-opt=-pass-through=-lquadmath -plugin-opt=-pass-through=-lm -plugin-opt=-pass-through=-lgcc_s -plugin-opt=-pass-through=-lgcc -plugin-opt=-pass-through=-lc -plugin-opt=-pass-through=-lgcc_s -plugin-opt=-pass-through=-lgcc --sysroot=/ --build-id --eh-frame-hdr -m elf_x86_64 --hash-style=gnu -dynamic-linker /lib64/ld-linux-x86-64.so.2 -pie -o conftest /usr/lib/gcc/x86_64-linux-gnu/6/../../../x86_64-linux-gnu/Scrt1.o /usr/lib/gcc/x86_64-linux-gnu/6/../../../x86_64-linux-gnu/crti.o /usr/lib/gcc/x86_64-linux-gnu/6/crtbeginS.o -L/usr/lib/gcc/x86_64-linux-gnu/6 -L/usr/lib/gcc/x86_64-linux-gnu/6/../../../x86_64-linux-gnu -L/usr/lib/gcc/x86_64-linux-gnu/6/../../../../lib -L/lib/x86_64-linux-gnu -L/lib/../lib -L/usr/lib/x86_64-linux-gnu -L/usr/lib/../lib -L/usr/lib/gcc/x86_64-linux-gnu/6/../../.. /tmp/user/12707/ccs2G2FI.o -lgfortran -lm -lgcc_s -lgcc -lquadmath -lm -lgcc_s -lgcc -lc -lgcc_s -lgcc /usr/lib/gcc/x86_64-linux-gnu/6/crtendS.o /usr/lib/gcc/x86_64-linux-gnu/6/../../../x86_64-linux-gnu/crtn.o
configure:5483: result:  -L/usr/lib/gcc/x86_64-linux-gnu/6 -L/usr/lib/gcc/x86_64-linux-gnu/6/../../../x86_64-linux-gnu -L/usr/lib/gcc/x86_64-linux-gnu/6/../../../../lib -L/lib/x86_64-linux-gnu -L/lib/../lib -L/usr/lib/x86_64-linux-gnu -L/usr/lib/../lib -L/usr/lib/gcc/x86_64-linux-gnu/6/../../.. -lgfortran -lm -lquadmath
configure:5500: checking for dummy main to link with Fortran libraries
configure:5534: /usr/bin/gcc -o conftest -mcmodel=medium   conftest.c   -L/usr/lib/gcc/x86_64-linux-gnu/6 -L/usr/lib/gcc/x86_64-linux-gnu/6/../../../x86_64-linux-gnu -L/usr/lib/gcc/x86_64-linux-gnu/6/../../../../lib -L/lib/x86_64-linux-gnu -L/lib/../lib -L/usr/lib/x86_64-linux-gnu -L/usr/lib/../lib -L/usr/lib/gcc/x86_64-linux-gnu/6/../../.. -lgfortran -lm -lquadmath >&5
configure:5534: $? = 0
configure:5579: result: none
configure:5612: checking for Fortran name-mangling scheme
configure:5625: /usr/bin/gfortran -c -g -O2  conftest.f >&5
configure:5625: $? = 0
configure:5666: /usr/bin/gcc -o conftest -mcmodel=medium   conftest.c cfortran_test.o   -L/usr/lib/gcc/x86_64-linux-gnu/6 -L/usr/lib/gcc/x86_64-linux-gnu/6/../../../x86_64-linux-gnu -L/usr/lib/gcc/x86_64-linux-gnu/6/../../../../lib -L/lib/x86_64-linux-gnu -L/lib/../lib -L/usr/lib/x86_64-linux-gnu -L/usr/lib/../lib -L/usr/lib/gcc/x86_64-linux-gnu/6/../../.. -lgfortran -lm -lquadmath >&5
/tmp/user/12707/cce6xaXT.o: In function `main':
conftest.c:(.text+0x11): undefined reference to `foobar'
collect2: error: ld returned 1 exit status
configure:5666: $? = 1
configure: failed program was:
| /* confdefs.h */
| #define PACKAGE_NAME "hypre"
| #define PACKAGE_TARNAME "hypre"
| #define PACKAGE_VERSION "2.11.2"
| #define PACKAGE_STRING "hypre 2.11.2"
| #define PACKAGE_BUGREPORT ""
| #define PACKAGE_URL ""
| #define HYPRE_RELEASE_NAME "hypre"
| #define HYPRE_RELEASE_VERSION "2.11.2"
| #define HYPRE_RELEASE_DATE "2017/03/13"
| #define HYPRE_RELEASE_TIME "00:00:00"
| #define HYPRE_RELEASE_BUGS "hypre-support@llnl.gov"
| #define HYPRE_MAXDIM 3
| #define HYPRE_FMANGLE 0
| #define HYPRE_FMANGLE_BLAS 0
| #define HYPRE_FMANGLE_LAPACK 0
| /* end confdefs.h.  */
| 
| /* Override any GCC internal prototype to avoid an error.
|    Use char because int might match the return type of a GCC
|    builtin and then its argument prototype would still apply.  */
| #ifdef __cplusplus
| extern "C"
| #endif
| char foobar ();
| #ifdef FC_DUMMY_MAIN
| #ifndef FC_DUMMY_MAIN_EQ_F77
| #  ifdef __cplusplus
|      extern "C"
| #  endif
|    int FC_DUMMY_MAIN() { return 1; }
| #endif
| #endif
| int
| main ()
| {
| return foobar ();
|   ;
|   return 0;
| }
configure:5666: /usr/bin/gcc -o conftest -mcmodel=medium   conftest.c cfortran_test.o   -L/usr/lib/gcc/x86_64-linux-gnu/6 -L/usr/lib/gcc/x86_64-linux-gnu/6/../../../x86_64-linux-gnu -L/usr/lib/gcc/x86_64-linux-gnu/6/../../../../lib -L/lib/x86_64-linux-gnu -L/lib/../lib -L/usr/lib/x86_64-linux-gnu -L/usr/lib/../lib -L/usr/lib/gcc/x86_64-linux-gnu/6/../../.. -lgfortran -lm -lquadmath >&5
configure:5666: $? = 0
configure:5724: /usr/bin/gcc -o conftest -mcmodel=medium   conftest.c cfortran_test.o   -L/usr/lib/gcc/x86_64-linux-gnu/6 -L/usr/lib/gcc/x86_64-linux-gnu/6/../../../x86_64-linux-gnu -L/usr/lib/gcc/x86_64-linux-gnu/6/../../../../lib -L/lib/x86_64-linux-gnu -L/lib/../lib -L/usr/lib/x86_64-linux-gnu -L/usr/lib/../lib -L/usr/lib/gcc/x86_64-linux-gnu/6/../../.. -lgfortran -lm -lquadmath >&5
configure:5724: $? = 0
configure:5766: result: lower case, underscore, no extra underscore
configure:6752: checking for __gxx_personality_v0 in -lstdc++
configure:6785: /usr/bin/gcc -o conftest -mcmodel=medium   conftest.c -lstdc++   >&5
configure:6785: $? = 0
configure:6794: result: yes
configure:7107: checking for cabs in -lm
configure:7140: /usr/bin/gcc -o conftest -mcmodel=medium   conftest.c -lm   -lstdc++ >&5
conftest.c:30:6: warning: conflicting types for built-in function 'cabs'
 char cabs ();
      ^~~~
configure:7140: $? = 0
configure:7149: result: yes
configure:7243: checking the hostname
configure:7254: result: nilgiri
configure:7258: checking the architecture
configure:7289: result: LINUX
configure:7530: creating ./config.status

## ---------------------- ##
## Running config.status. ##
## ---------------------- ##

This file was extended by hypre config.status 2.11.2, which was
generated by GNU Autoconf 2.69.  Invocation command line was

  CONFIG_FILES    = 
  CONFIG_HEADERS  = 
  CONFIG_LINKS    = 
  CONFIG_COMMANDS = 
  $ ./config.status 

on nilgiri

config.status:871: creating config/Makefile.config
config.status:871: creating HYPRE_config.h

## ---------------- ##
## Cache variables. ##
## ---------------- ##

ac_cv_build=x86_64-pc-linux-gnu
ac_cv_c_compiler_gnu=yes
ac_cv_cxx_compiler_gnu=yes
ac_cv_env_CCC_set=
ac_cv_env_CCC_value=
ac_cv_env_CC_set=set
ac_cv_env_CC_value=/usr/bin/gcc
ac_cv_env_CFLAGS_set=set
ac_cv_env_CFLAGS_value=-mcmodel=medium
ac_cv_env_CPPFLAGS_set=
ac_cv_env_CPPFLAGS_value=
ac_cv_env_CPP_set=
ac_cv_env_CPP_value=
ac_cv_env_CXXFLAGS_set=
ac_cv_env_CXXFLAGS_value=
ac_cv_env_CXX_set=
ac_cv_env_CXX_value=
ac_cv_env_FCFLAGS_set=
ac_cv_env_FCFLAGS_value=
ac_cv_env_FC_set=set
ac_cv_env_FC_value=/usr/bin/gfortran
ac_cv_env_LDFLAGS_set=
ac_cv_env_LDFLAGS_value=
ac_cv_env_LIBS_set=
ac_cv_env_LIBS_value=
ac_cv_env_build_alias_set=
ac_cv_env_build_alias_value=
ac_cv_env_host_alias_set=
ac_cv_env_host_alias_value=
ac_cv_env_target_alias_set=
ac_cv_env_target_alias_value=
ac_cv_fc_compiler_gnu=yes
ac_cv_fc_dummy_main=none
ac_cv_fc_libs=' -L/usr/lib/gcc/x86_64-linux-gnu/6 -L/usr/lib/gcc/x86_64-linux-gnu/6/../../../x86_64-linux-gnu -L/usr/lib/gcc/x86_64-linux-gnu/6/../../../../lib -L/lib/x86_64-linux-gnu -L/lib/../lib -L/usr/lib/x86_64-linux-gnu -L/usr/lib/../lib -L/usr/lib/gcc/x86_64-linux-gnu/6/../../.. -lgfortran -lm -lquadmath'
ac_cv_fc_mangling='lower case, underscore, no extra underscore'
ac_cv_fortran_dummy_main=none
ac_cv_host=x86_64-pc-linux-gnu
ac_cv_lib_m_cabs=yes
ac_cv_lib_stdcpp___gxx_personality_v0=yes
ac_cv_objext=o
ac_cv_prog_CXX=g++
ac_cv_prog_ac_ct_CC=/usr/bin/gcc
ac_cv_prog_ac_ct_RANLIB=ranlib
ac_cv_prog_cc_c89=
ac_cv_prog_cc_g=yes
ac_cv_prog_cxx_g=yes
ac_cv_prog_fc_g=yes
ac_cv_prog_fc_v=-v
ac_cv_prog_make_make_set=yes

## ----------------- ##
## Output variables. ##
## ----------------- ##

AR='ar -rcu'
BLASLIBDIRS=''
BLASLIBS=''
BUILD_CC_SHARED=''
BUILD_CXX_SHARED=''
BUILD_FC_SHARED=''
BUILD_JAVA='0'
BUILD_PYTHON='0'
CALIPER_INCLUDE=''
CALIPER_LIBS=''
CC='/usr/bin/gcc'
CFLAGS='-mcmodel=medium'
CPP=''
CPPFLAGS=''
CXX='g++'
CXXFLAGS='-O2'
DEFS='-DHAVE_CONFIG_H'
ECHO_C=''
ECHO_N='-n'
ECHO_T=''
EGREP=''
EXEEXT=''
FC='/usr/bin/gfortran'
FCFLAGS='-g -O2'
FCLIBS=' -L/usr/lib/gcc/x86_64-linux-gnu/6 -L/usr/lib/gcc/x86_64-linux-gnu/6/../../../x86_64-linux-gnu -L/usr/lib/gcc/x86_64-linux-gnu/6/../../../../lib -L/lib/x86_64-linux-gnu -L/lib/../lib -L/usr/lib/x86_64-linux-gnu -L/usr/lib/../lib -L/usr/lib/gcc/x86_64-linux-gnu/6/../../.. -lgfortran -lm -lquadmath'
FFLAGS='-O'
FLIBS=''
GREP=''
HOSTNAME='nilgiri'
HYPRE_ARCH='LINUX'
HYPRE_BLAS_FILES='/scratch/atdr/nek5000_v17/Nek5000/tools/amg_hypre/hypre/hypre-2.11.2/src/blas/*.o'
HYPRE_BLAS_SRC_DIR='/scratch/atdr/nek5000_v17/Nek5000/tools/amg_hypre/hypre/hypre-2.11.2/src/blas'
HYPRE_BUGS='hypre-support@llnl.gov'
HYPRE_DATE='2017/03/13'
HYPRE_FEI_BASE_DIR='/scratch/atdr/nek5000_v17/Nek5000/tools/amg_hypre/hypre/hypre-2.11.2/src/FEI_mv/fei-base'
HYPRE_FEI_FEMLI_FILES='/scratch/atdr/nek5000_v17/Nek5000/tools/amg_hypre/hypre/hypre-2.11.2/src/FEI_mv/femli/*.o'
HYPRE_FEI_HYPRE_FILES='/scratch/atdr/nek5000_v17/Nek5000/tools/amg_hypre/hypre/hypre-2.11.2/src/FEI_mv/fei-hypre/*.o'
HYPRE_FEI_SRC_DIR='/scratch/atdr/nek5000_v17/Nek5000/tools/amg_hypre/hypre/hypre-2.11.2/src/FEI_mv'
HYPRE_FEI_SUBDIRS='femli SuperLU fei-hypre'
HYPRE_FEI_SUPERLU_FILES='/scratch/atdr/nek5000_v17/Nek5000/tools/amg_hypre/hypre/hypre-2.11.2/src/FEI_mv/SuperLU/SRC/*.o'
HYPRE_INCINSTALL='${prefix}/include'
HYPRE_INSTALLDIR='/scratch/atdr/nek5000_v17/Nek5000/tools/amg_hypre/hypre/hypre-2.11.2/src/../..'
HYPRE_LAPACK_FILES='/scratch/atdr/nek5000_v17/Nek5000/tools/amg_hypre/hypre/hypre-2.11.2/src/lapack/*.o'
HYPRE_LAPACK_SRC_DIR='/scratch/atdr/nek5000_v17/Nek5000/tools/amg_hypre/hypre/hypre-2.11.2/src/lapack'
HYPRE_LIBINSTALL='${exec_prefix}/lib'
HYPRE_LIBSUFFIX='.a'
HYPRE_NAME='hypre'
HYPRE_SRCDIR='/scratch/atdr/nek5000_v17/Nek5000/tools/amg_hypre/hypre/hypre-2.11.2/src'
HYPRE_TIME='00:00:00'
HYPRE_VERSION='2.11.2'
LAPACKLIBDIRS=''
LAPACKLIBS=''
LDFLAGS=''
LIBOBJS=''
LIBS=' -lstdc++ -lm'
LINK_CC='/usr/bin/gcc'
LINK_CXX='g++'
LINK_FC='/usr/bin/gfortran'
LTLIBOBJS=''
MPIFLAGS=''
MPIINCLUDE=''
MPILIBDIRS=''
MPILIBS=''
OBJEXT='o'
PACKAGE_BUGREPORT=''
PACKAGE_NAME=''
PACKAGE_STRING=''
PACKAGE_TARNAME=''
PACKAGE_URL=''
PACKAGE_VERSION=''
PATH_SEPARATOR=':'
PYTHON=''
RANLIB='ranlib'
SET_MAKE=''
SHARED_BUILD_FLAG=''
SHARED_COMPILE_FLAG=''
SHARED_OPTIONS=''
SHARED_SET_SONAME=''
SHELL='/bin/bash'
ac_ct_CC='/usr/bin/gcc'
ac_ct_CXX=''
ac_ct_FC=''
bindir='${exec_prefix}/bin'
build='x86_64-pc-linux-gnu'
build_alias=''
build_cpu='x86_64'
build_os='linux-gnu'
build_vendor='pc'
datadir='${datarootdir}'
datarootdir='${prefix}/share'
docdir='${datarootdir}/doc/${PACKAGE_TARNAME}'
dvidir='${docdir}'
exec_prefix='${prefix}'
host='x86_64-pc-linux-gnu'
host_alias=''
host_cpu='x86_64'
host_os='linux-gnu'
host_vendor='pc'
htmldir='${docdir}'
includedir='${prefix}/include'
infodir='${datarootdir}/info'
libdir='${exec_prefix}/lib'
libexecdir='${exec_prefix}/libexec'
localedir='${datarootdir}/locale'
localstatedir='${prefix}/var'
mandir='${datarootdir}/man'
oldincludedir='/usr/include'
pdfdir='${docdir}'
prefix='/scratch/atdr/nek5000_v17/Nek5000/tools/amg_hypre/hypre/hypre-2.11.2/src/../..'
program_transform_name='s,x,x,'
psdir='${docdir}'
sbindir='${exec_prefix}/sbin'
sharedstatedir='${prefix}/com'
sysconfdir='${prefix}/etc'
target_alias=''

## ----------- ##
## confdefs.h. ##
## ----------- ##

/* confdefs.h */
#define PACKAGE_NAME "hypre"
#define PACKAGE_TARNAME "hypre"
#define PACKAGE_VERSION "2.11.2"
#define PACKAGE_STRING "hypre 2.11.2"
#define PACKAGE_BUGREPORT ""
#define PACKAGE_URL ""
#define HYPRE_RELEASE_NAME "hypre"
#define HYPRE_RELEASE_VERSION "2.11.2"
#define HYPRE_RELEASE_DATE "2017/03/13"
#define HYPRE_RELEASE_TIME "00:00:00"
#define HYPRE_RELEASE_BUGS "hypre-support@llnl.gov"
#define HYPRE_MAXDIM 3
#define HYPRE_FMANGLE 0
#define HYPRE_FMANGLE_BLAS 0
#define HYPRE_FMANGLE_LAPACK 0
#define FC_FUNC(name,NAME) name ## _
#define FC_FUNC_(name,NAME) name ## _
#define HYPRE_SEQUENTIAL 1
#define HYPRE_USING_HYPRE_BLAS 1
#define HYPRE_USING_HYPRE_LAPACK 1
#define HYPRE_LINUX 1

configure: exit 0
